<?xml version="1.0" encoding="UTF-8"?>
<testsuite name="greeter.GreeterSpec" tests="1" skipped="0" failures="0" errors="0" timestamp="2019-01-20T14:33:17" hostname="gongzhe-PC" time="0.137">
  <properties/>
  <testcase name="Calling the entry point" classname="greeter.GreeterSpec" time="0.137"/>
  <system-out><![CDATA[]]></system-out>
  <system-err><![CDATA[]]></system-err>
</testsuite>
